<?xml version="1.0" encoding="UTF-8"?>
<robot generator="Robot 4.1.3 (Python 3.10.4 on win32)" generated="20220421 11:49:52.394" rpa="false" schemaversion="2">
<suite id="s1" name="Start" source="C:\Users\Mario.Doman\Desktop\MY_PROJECTS\VPP_TAP_INT_WITH_Containers\start.robot">
<test id="s1-t1" name="Ping docker1 from hostvm">
<kw name="Run Process" library="Process">
<var>${result}</var>
<arg>vagrant ssh -c 'ping -c3 192.168.1.2'</arg>
<arg>shell=True</arg>
<arg>stdout=log/ping_docker1.txt</arg>
<doc>Runs a process and waits for it to complete.</doc>
<msg timestamp="20220421 11:49:52.419" level="INFO">Starting process:
vagrant ssh -c 'ping -c3 192.168.1.2'</msg>
<msg timestamp="20220421 11:49:52.423" level="INFO">Waiting for process to complete.</msg>
<msg timestamp="20220421 11:49:59.090" level="INFO">Process completed.</msg>
<msg timestamp="20220421 11:49:59.090" level="INFO">${result} = &lt;result object with rc 0&gt;</msg>
<status status="PASS" starttime="20220421 11:49:52.419" endtime="20220421 11:49:59.090"/>
</kw>
<kw name="Log" library="BuiltIn">
<arg>${result.stdout}</arg>
<doc>Logs the given message with the given level.</doc>
<msg timestamp="20220421 11:49:59.095" level="INFO">PING 192.168.1.2 (192.168.1.2) 56(84) bytes of data.
64 bytes from 192.168.1.2: icmp_seq=1 ttl=63 time=0.115 ms
64 bytes from 192.168.1.2: icmp_seq=2 ttl=63 time=0.164 ms
64 bytes from 192.168.1.2: icmp_seq=3 ttl=63 time=0.249 ms

--- 192.168.1.2 ping statistics ---
3 packets transmitted, 3 received, 0% packet loss, time 2050ms
rtt min/avg/max/mdev = 0.115/0.176/0.249/0.055 ms</msg>
<status status="PASS" starttime="20220421 11:49:59.091" endtime="20220421 11:49:59.095"/>
</kw>
<kw name="Should Contain" library="BuiltIn">
<arg>${result.stdout}</arg>
<arg>64 bytes from 192.168.1.2</arg>
<doc>Fails if ``container`` does not contain ``item`` one or more times.</doc>
<status status="PASS" starttime="20220421 11:49:59.095" endtime="20220421 11:49:59.096"/>
</kw>
<status status="PASS" starttime="20220421 11:49:52.419" endtime="20220421 11:49:59.096"/>
</test>
<test id="s1-t2" name="Ping docker2 from hostvm">
<kw name="Run Process" library="Process">
<var>${result}</var>
<arg>vagrant ssh -c 'ping -c3 192.168.3.2'</arg>
<arg>shell=True</arg>
<arg>stdout=log/ping_docker2.txt</arg>
<doc>Runs a process and waits for it to complete.</doc>
<msg timestamp="20220421 11:49:59.098" level="INFO">Starting process:
vagrant ssh -c 'ping -c3 192.168.3.2'</msg>
<msg timestamp="20220421 11:49:59.100" level="INFO">Waiting for process to complete.</msg>
<msg timestamp="20220421 11:50:06.104" level="INFO">Process completed.</msg>
<msg timestamp="20220421 11:50:06.104" level="INFO">${result} = &lt;result object with rc 0&gt;</msg>
<status status="PASS" starttime="20220421 11:49:59.097" endtime="20220421 11:50:06.104"/>
</kw>
<kw name="Log" library="BuiltIn">
<arg>${result.stdout}</arg>
<doc>Logs the given message with the given level.</doc>
<msg timestamp="20220421 11:50:06.108" level="INFO">PING 192.168.3.2 (192.168.3.2) 56(84) bytes of data.
64 bytes from 192.168.3.2: icmp_seq=1 ttl=63 time=0.155 ms
64 bytes from 192.168.3.2: icmp_seq=2 ttl=63 time=0.198 ms
64 bytes from 192.168.3.2: icmp_seq=3 ttl=63 time=0.156 ms

--- 192.168.3.2 ping statistics ---
3 packets transmitted, 3 received, 0% packet loss, time 2044ms
rtt min/avg/max/mdev = 0.155/0.169/0.198/0.025 ms</msg>
<status status="PASS" starttime="20220421 11:50:06.104" endtime="20220421 11:50:06.108"/>
</kw>
<kw name="Should Contain" library="BuiltIn">
<arg>${result.stdout}</arg>
<arg>64 bytes from 192.168.3.2</arg>
<doc>Fails if ``container`` does not contain ``item`` one or more times.</doc>
<status status="PASS" starttime="20220421 11:50:06.108" endtime="20220421 11:50:06.109"/>
</kw>
<status status="PASS" starttime="20220421 11:49:59.097" endtime="20220421 11:50:06.109"/>
</test>
<test id="s1-t3" name="Ping from docker1 to hostvm">
<kw name="Run Process" library="Process">
<var>${result}</var>
<arg>vagrant ssh -c 'sudo docker exec docker1 ping -c3 192.168.2.2'</arg>
<arg>shell=True</arg>
<arg>stdout=log/ping_from_docker1.txt</arg>
<doc>Runs a process and waits for it to complete.</doc>
<msg timestamp="20220421 11:50:06.109" level="INFO">Starting process:
vagrant ssh -c 'sudo docker exec docker1 ping -c3 192.168.2.2'</msg>
<msg timestamp="20220421 11:50:06.112" level="INFO">Waiting for process to complete.</msg>
<msg timestamp="20220421 11:50:13.112" level="INFO">Process completed.</msg>
<msg timestamp="20220421 11:50:13.113" level="INFO">${result} = &lt;result object with rc 0&gt;</msg>
<status status="PASS" starttime="20220421 11:50:06.109" endtime="20220421 11:50:13.113"/>
</kw>
<kw name="Log" library="BuiltIn">
<arg>${result.stdout}</arg>
<doc>Logs the given message with the given level.</doc>
<msg timestamp="20220421 11:50:13.117" level="INFO">PING 192.168.2.2 (192.168.2.2) 56(84) bytes of data.
64 bytes from 192.168.2.2: icmp_seq=1 ttl=63 time=0.185 ms
64 bytes from 192.168.2.2: icmp_seq=2 ttl=63 time=0.151 ms
64 bytes from 192.168.2.2: icmp_seq=3 ttl=63 time=0.154 ms

--- 192.168.2.2 ping statistics ---
3 packets transmitted, 3 received, 0% packet loss, time 2048ms
rtt min/avg/max/mdev = 0.151/0.163/0.185/0.015 ms</msg>
<status status="PASS" starttime="20220421 11:50:13.113" endtime="20220421 11:50:13.117"/>
</kw>
<kw name="Should Contain" library="BuiltIn">
<arg>${result.stdout}</arg>
<arg>64 bytes from 192.168.2.2</arg>
<doc>Fails if ``container`` does not contain ``item`` one or more times.</doc>
<status status="PASS" starttime="20220421 11:50:13.117" endtime="20220421 11:50:13.118"/>
</kw>
<status status="PASS" starttime="20220421 11:50:06.109" endtime="20220421 11:50:13.118"/>
</test>
<test id="s1-t4" name="Ping from docker2 to hostvm">
<kw name="Run Process" library="Process">
<var>${result}</var>
<arg>vagrant ssh -c 'sudo docker exec docker2 ping -c3 192.168.2.2'</arg>
<arg>shell=True</arg>
<arg>stdout=log/ping_from_docker2.txt</arg>
<doc>Runs a process and waits for it to complete.</doc>
<msg timestamp="20220421 11:50:13.119" level="INFO">Starting process:
vagrant ssh -c 'sudo docker exec docker2 ping -c3 192.168.2.2'</msg>
<msg timestamp="20220421 11:50:13.121" level="INFO">Waiting for process to complete.</msg>
<msg timestamp="20220421 11:50:19.986" level="INFO">Process completed.</msg>
<msg timestamp="20220421 11:50:19.986" level="INFO">${result} = &lt;result object with rc 0&gt;</msg>
<status status="PASS" starttime="20220421 11:50:13.119" endtime="20220421 11:50:19.986"/>
</kw>
<kw name="Log" library="BuiltIn">
<arg>${result.stdout}</arg>
<doc>Logs the given message with the given level.</doc>
<msg timestamp="20220421 11:50:19.991" level="INFO">PING 192.168.2.2 (192.168.2.2) 56(84) bytes of data.
64 bytes from 192.168.2.2: icmp_seq=1 ttl=63 time=0.155 ms
64 bytes from 192.168.2.2: icmp_seq=2 ttl=63 time=0.158 ms
64 bytes from 192.168.2.2: icmp_seq=3 ttl=63 time=0.160 ms

--- 192.168.2.2 ping statistics ---
3 packets transmitted, 3 received, 0% packet loss, time 2022ms
rtt min/avg/max/mdev = 0.155/0.157/0.160/0.002 ms</msg>
<status status="PASS" starttime="20220421 11:50:19.987" endtime="20220421 11:50:19.991"/>
</kw>
<kw name="Should Contain" library="BuiltIn">
<arg>${result.stdout}</arg>
<arg>64 bytes from 192.168.2.2</arg>
<doc>Fails if ``container`` does not contain ``item`` one or more times.</doc>
<status status="PASS" starttime="20220421 11:50:19.992" endtime="20220421 11:50:19.992"/>
</kw>
<status status="PASS" starttime="20220421 11:50:13.118" endtime="20220421 11:50:19.992"/>
</test>
<test id="s1-t5" name="Iperf from hostvm to docker1">
<kw name="Run Process" library="Process">
<var>${result}</var>
<arg>vagrant ssh -c 'sudo iperf -c 192.168.1.2'</arg>
<arg>shell=True</arg>
<arg>stdout=log/iperf_to_docker1.txt</arg>
<doc>Runs a process and waits for it to complete.</doc>
<msg timestamp="20220421 11:50:19.993" level="INFO">Starting process:
vagrant ssh -c 'sudo iperf -c 192.168.1.2'</msg>
<msg timestamp="20220421 11:50:19.995" level="INFO">Waiting for process to complete.</msg>
<msg timestamp="20220421 11:50:34.869" level="INFO">Process completed.</msg>
<msg timestamp="20220421 11:50:34.869" level="INFO">${result} = &lt;result object with rc 0&gt;</msg>
<status status="PASS" starttime="20220421 11:50:19.993" endtime="20220421 11:50:34.869"/>
</kw>
<kw name="Log" library="BuiltIn">
<arg>${result.stdout}</arg>
<doc>Logs the given message with the given level.</doc>
<msg timestamp="20220421 11:50:34.880" level="INFO">------------------------------------------------------------
Client connecting to 192.168.1.2, TCP port 5001
TCP window size: 85.0 KByte (default)
------------------------------------------------------------
[  3] local 192.168.2.2 port 55496 connected with 192.168.1.2 port 5001
[ ID] Interval       Transfer     Bandwidth
[  3]  0.0-10.0 sec  2.57 GBytes  2.21 Gbits/sec</msg>
<status status="PASS" starttime="20220421 11:50:34.870" endtime="20220421 11:50:34.880"/>
</kw>
<kw name="Should Contain" library="BuiltIn">
<arg>${result.stdout}</arg>
<arg>connected with 192.168.1.2 port 5001</arg>
<doc>Fails if ``container`` does not contain ``item`` one or more times.</doc>
<status status="PASS" starttime="20220421 11:50:34.881" endtime="20220421 11:50:34.881"/>
</kw>
<status status="PASS" starttime="20220421 11:50:19.993" endtime="20220421 11:50:34.881"/>
</test>
<test id="s1-t6" name="Iperf from hostvm to docker2">
<kw name="Run Process" library="Process">
<var>${result}</var>
<arg>vagrant ssh -c 'sudo iperf -c 192.168.3.2'</arg>
<arg>shell=True</arg>
<arg>stdout=log/iperf_to_docker2.txt</arg>
<doc>Runs a process and waits for it to complete.</doc>
<msg timestamp="20220421 11:50:34.882" level="INFO">Starting process:
vagrant ssh -c 'sudo iperf -c 192.168.3.2'</msg>
<msg timestamp="20220421 11:50:34.885" level="INFO">Waiting for process to complete.</msg>
<msg timestamp="20220421 11:50:49.764" level="INFO">Process completed.</msg>
<msg timestamp="20220421 11:50:49.764" level="INFO">${result} = &lt;result object with rc 0&gt;</msg>
<status status="PASS" starttime="20220421 11:50:34.882" endtime="20220421 11:50:49.764"/>
</kw>
<kw name="Log" library="BuiltIn">
<arg>${result.stdout}</arg>
<doc>Logs the given message with the given level.</doc>
<msg timestamp="20220421 11:50:49.769" level="INFO">------------------------------------------------------------
Client connecting to 192.168.3.2, TCP port 5001
TCP window size: 85.0 KByte (default)
------------------------------------------------------------
[  3] local 192.168.2.2 port 44896 connected with 192.168.3.2 port 5001
[ ID] Interval       Transfer     Bandwidth
[  3]  0.0-10.0 sec  2.53 GBytes  2.17 Gbits/sec</msg>
<status status="PASS" starttime="20220421 11:50:49.764" endtime="20220421 11:50:49.769"/>
</kw>
<kw name="Should Contain" library="BuiltIn">
<arg>${result.stdout}</arg>
<arg>connected with 192.168.3.2 port 5001</arg>
<doc>Fails if ``container`` does not contain ``item`` one or more times.</doc>
<status status="PASS" starttime="20220421 11:50:49.770" endtime="20220421 11:50:49.770"/>
</kw>
<status status="PASS" starttime="20220421 11:50:34.882" endtime="20220421 11:50:49.770"/>
</test>
<test id="s1-t7" name="Iperf from docker1 to docker2">
<kw name="Run Process" library="Process">
<var>${result}</var>
<arg>vagrant ssh -c 'sudo docker exec docker1 iperf -c 192.168.3.2'</arg>
<arg>shell=True</arg>
<arg>stdout=log/iperf_docker1_to_docker2.txt</arg>
<doc>Runs a process and waits for it to complete.</doc>
<msg timestamp="20220421 11:50:49.771" level="INFO">Starting process:
vagrant ssh -c 'sudo docker exec docker1 iperf -c 192.168.3.2'</msg>
<msg timestamp="20220421 11:50:49.774" level="INFO">Waiting for process to complete.</msg>
<msg timestamp="20220421 11:51:04.849" level="INFO">Process completed.</msg>
<msg timestamp="20220421 11:51:04.850" level="INFO">${result} = &lt;result object with rc 0&gt;</msg>
<status status="PASS" starttime="20220421 11:50:49.770" endtime="20220421 11:51:04.850"/>
</kw>
<kw name="Log" library="BuiltIn">
<arg>${result.stdout}</arg>
<doc>Logs the given message with the given level.</doc>
<msg timestamp="20220421 11:51:04.854" level="INFO">------------------------------------------------------------
Client connecting to 192.168.3.2, TCP port 5001
TCP window size: 85.0 KByte (default)
------------------------------------------------------------
[  3] local 192.168.1.2 port 38854 connected with 192.168.3.2 port 5001
[ ID] Interval       Transfer     Bandwidth
[  3]  0.0-10.1 sec  7.62 MBytes  6.34 Mbits/sec</msg>
<status status="PASS" starttime="20220421 11:51:04.850" endtime="20220421 11:51:04.854"/>
</kw>
<kw name="Should Contain" library="BuiltIn">
<arg>${result.stdout}</arg>
<arg>connected with 192.168.3.2 port 5001</arg>
<doc>Fails if ``container`` does not contain ``item`` one or more times.</doc>
<status status="PASS" starttime="20220421 11:51:04.855" endtime="20220421 11:51:04.855"/>
</kw>
<status status="PASS" starttime="20220421 11:50:49.770" endtime="20220421 11:51:04.855"/>
</test>
<test id="s1-t8" name="Iperf from docker2 to docker1">
<kw name="Run Process" library="Process">
<var>${result}</var>
<arg>vagrant ssh -c 'sudo docker exec docker2 iperf -c 192.168.1.2'</arg>
<arg>shell=True</arg>
<arg>stdout=log/iperf_docker2_to_docker1.txt</arg>
<doc>Runs a process and waits for it to complete.</doc>
<msg timestamp="20220421 11:51:04.857" level="INFO">Starting process:
vagrant ssh -c 'sudo docker exec docker2 iperf -c 192.168.1.2'</msg>
<msg timestamp="20220421 11:51:04.860" level="INFO">Waiting for process to complete.</msg>
<msg timestamp="20220421 11:51:19.930" level="INFO">Process completed.</msg>
<msg timestamp="20220421 11:51:19.930" level="INFO">${result} = &lt;result object with rc 0&gt;</msg>
<status status="PASS" starttime="20220421 11:51:04.856" endtime="20220421 11:51:19.930"/>
</kw>
<kw name="Log" library="BuiltIn">
<arg>${result.stdout}</arg>
<doc>Logs the given message with the given level.</doc>
<msg timestamp="20220421 11:51:19.935" level="INFO">------------------------------------------------------------
Client connecting to 192.168.1.2, TCP port 5001
TCP window size: 85.0 KByte (default)
------------------------------------------------------------
[  3] local 192.168.3.2 port 34096 connected with 192.168.1.2 port 5001
[ ID] Interval       Transfer     Bandwidth
[  3]  0.0-10.2 sec  7.62 MBytes  6.28 Mbits/sec</msg>
<status status="PASS" starttime="20220421 11:51:19.931" endtime="20220421 11:51:19.935"/>
</kw>
<kw name="Should Contain" library="BuiltIn">
<arg>${result.stdout}</arg>
<arg>connected with 192.168.1.2 port 5001</arg>
<doc>Fails if ``container`` does not contain ``item`` one or more times.</doc>
<status status="PASS" starttime="20220421 11:51:19.935" endtime="20220421 11:51:19.936"/>
</kw>
<status status="PASS" starttime="20220421 11:51:04.856" endtime="20220421 11:51:19.936"/>
</test>
<test id="s1-t9" name="Iperf from docker1 to hostvm via tap interface">
<kw name="Run Process" library="Process">
<var>${result}</var>
<arg>vagrant ssh -c 'sudo docker exec docker1 iperf -c 192.168.2.2'</arg>
<arg>shell=True</arg>
<arg>stdout=log/iperf_docker1_to_hostvm_tap.txt</arg>
<doc>Runs a process and waits for it to complete.</doc>
<msg timestamp="20220421 11:51:19.938" level="INFO">Starting process:
vagrant ssh -c 'sudo docker exec docker1 iperf -c 192.168.2.2'</msg>
<msg timestamp="20220421 11:51:19.941" level="INFO">Waiting for process to complete.</msg>
<msg timestamp="20220421 11:51:35.068" level="INFO">Process completed.</msg>
<msg timestamp="20220421 11:51:35.069" level="INFO">${result} = &lt;result object with rc 0&gt;</msg>
<status status="PASS" starttime="20220421 11:51:19.937" endtime="20220421 11:51:35.069"/>
</kw>
<kw name="Log" library="BuiltIn">
<arg>${result.stdout}</arg>
<doc>Logs the given message with the given level.</doc>
<msg timestamp="20220421 11:51:35.073" level="INFO">------------------------------------------------------------
Client connecting to 192.168.2.2, TCP port 5001
TCP window size: 85.0 KByte (default)
------------------------------------------------------------
[  3] local 192.168.1.2 port 44684 connected with 192.168.2.2 port 5001
[ ID] Interval       Transfer     Bandwidth
[  3]  0.0-10.2 sec   107 KBytes  86.6 Kbits/sec</msg>
<status status="PASS" starttime="20220421 11:51:35.069" endtime="20220421 11:51:35.073"/>
</kw>
<kw name="Should Contain" library="BuiltIn">
<arg>${result.stdout}</arg>
<arg>connected with 192.168.2.2 port 5001</arg>
<doc>Fails if ``container`` does not contain ``item`` one or more times.</doc>
<status status="PASS" starttime="20220421 11:51:35.074" endtime="20220421 11:51:35.074"/>
</kw>
<status status="PASS" starttime="20220421 11:51:19.937" endtime="20220421 11:51:35.074"/>
</test>
<test id="s1-t10" name="Iperf from docker2 to hostvm via tap interface">
<kw name="Run Process" library="Process">
<var>${result}</var>
<arg>vagrant ssh -c 'sudo docker exec docker2 iperf -c 192.168.2.2'</arg>
<arg>shell=True</arg>
<arg>stdout=log/iperf_docker2_to_hostvm_tap.txt</arg>
<doc>Runs a process and waits for it to complete.</doc>
<msg timestamp="20220421 11:51:35.076" level="INFO">Starting process:
vagrant ssh -c 'sudo docker exec docker2 iperf -c 192.168.2.2'</msg>
<msg timestamp="20220421 11:51:35.078" level="INFO">Waiting for process to complete.</msg>
<msg timestamp="20220421 11:51:50.156" level="INFO">Process completed.</msg>
<msg timestamp="20220421 11:51:50.157" level="INFO">${result} = &lt;result object with rc 0&gt;</msg>
<status status="PASS" starttime="20220421 11:51:35.075" endtime="20220421 11:51:50.157"/>
</kw>
<kw name="Log" library="BuiltIn">
<arg>${result.stdout}</arg>
<doc>Logs the given message with the given level.</doc>
<msg timestamp="20220421 11:51:50.161" level="INFO">------------------------------------------------------------
Client connecting to 192.168.2.2, TCP port 5001
TCP window size: 85.0 KByte (default)
------------------------------------------------------------
[  3] local 192.168.3.2 port 52250 connected with 192.168.2.2 port 5001
[ ID] Interval       Transfer     Bandwidth
[  3]  0.0-10.2 sec   107 KBytes  86.7 Kbits/sec</msg>
<status status="PASS" starttime="20220421 11:51:50.157" endtime="20220421 11:51:50.161"/>
</kw>
<kw name="Should Contain" library="BuiltIn">
<arg>${result.stdout}</arg>
<arg>connected with 192.168.2.2 port 5001</arg>
<doc>Fails if ``container`` does not contain ``item`` one or more times.</doc>
<status status="PASS" starttime="20220421 11:51:50.162" endtime="20220421 11:51:50.162"/>
</kw>
<status status="PASS" starttime="20220421 11:51:35.075" endtime="20220421 11:51:50.162"/>
</test>
<status status="PASS" starttime="20220421 11:49:52.395" endtime="20220421 11:51:50.163"/>
</suite>
<statistics>
<total>
<stat pass="10" fail="0" skip="0">All Tests</stat>
</total>
<tag>
</tag>
<suite>
<stat pass="10" fail="0" skip="0" id="s1" name="Start">Start</stat>
</suite>
</statistics>
<errors>
</errors>
</robot>
